<?xml version="1.0" encoding="UTF-8"?>
<!-- Generated by org.testng.reporters.JUnitReportReporter -->
<testsuite hostname="vansh-PC" failures="0" tests="5" name="Com.cjc.Magento_shopping_Test.Magento_onlineshopping_Test" time="56.184" errors="0" timestamp="2023-11-03T16:59:11 IST" skipped="0">
  <testcase classname="Com.cjc.Magento_shopping_Test.Magento_onlineshopping_Test" name="Registration_Test" time="6.532"/>
  <system-out/>
  <testcase classname="Com.cjc.Magento_shopping_Test.Magento_onlineshopping_Test" name="Lout_Test" time="4.924"/>
  <system-out/>
  <testcase classname="Com.cjc.Magento_shopping_Test.Magento_onlineshopping_Test" name="Loging_Test" time="10.092"/>
  <system-out/>
  <testcase classname="Com.cjc.Magento_shopping_Test.Magento_onlineshopping_Test" name="Add_to_product_Test" time="21.772"/>
  <system-out/>
  <testcase classname="Com.cjc.Magento_shopping_Test.Magento_onlineshopping_Test" name="Address_Detailst_Test" time="12.864"/>
  <system-out/>
</testsuite> <!-- Com.cjc.Magento_shopping_Test.Magento_onlineshopping_Test -->
